[2023-04-26T14:49:00.363041-04:00] nobel_prize_log.INFO: Access: GET /nobel-prize-api/logging {"student":"craig","email":"jo@email.com","class":"web_services"} []
[2023-04-26T14:51:42.337176-04:00] nobel_prize_log.INFO: Access: GET /nobel-prize-api/people [] []
[2023-04-26T14:51:42.877424-04:00] nobel_prize_log.INFO: Access: GET /nobel-prize-api/people [] []
[2023-04-26T14:51:43.060371-04:00] nobel_prize_log.INFO: Access: GET /nobel-prize-api/people [] []
[2023-04-26T14:51:43.211060-04:00] nobel_prize_log.INFO: Access: GET /nobel-prize-api/people [] []
[2023-04-26T14:51:47.571314-04:00] nobel_prize_log.INFO: Access: GET /nobel-prize-api/people [] []
[2023-04-26T14:51:48.240101-04:00] nobel_prize_log.INFO: Access: GET /nobel-prize-api/people [] []
[2023-04-26T14:51:48.404824-04:00] nobel_prize_log.INFO: Access: GET /nobel-prize-api/people [] []
[2023-04-26T14:51:48.572801-04:00] nobel_prize_log.INFO: Access: GET /nobel-prize-api/people [] []
[2023-04-26T14:51:48.735040-04:00] nobel_prize_log.INFO: Access: GET /nobel-prize-api/people [] []
[2023-04-26T14:51:48.872700-04:00] nobel_prize_log.INFO: Access: GET /nobel-prize-api/people [] []
[2023-04-26T14:51:49.026224-04:00] nobel_prize_log.INFO: Access: GET /nobel-prize-api/people [] []
[2023-04-26T14:52:20.491760-04:00] nobel_prize_log.INFO: Access: GET /nobel-prize-api/people [] []
[2023-04-26T14:52:21.482496-04:00] nobel_prize_log.INFO: Access: GET /nobel-prize-api/people [] []
[2023-04-26T14:52:22.220093-04:00] nobel_prize_log.INFO: Access: GET /nobel-prize-api/people [] []
[2023-04-26T14:52:35.529289-04:00] nobel_prize_log.INFO: Access: GET /nobel-prize-api/awards {"yearReceivedMin":"1905","yearReceivedMax":"1906"} []
[2023-04-26T14:52:44.774735-04:00] nobel_prize_log.INFO: Access: GET /nobel-prize-api/awards {"yearReceivedMin":"1905","yearReceivedMax":"1906"} []
[2023-04-26T14:53:36.814562-04:00] nobel_prize_log.INFO: Access: POST /nobel-prize-api/publications [] []
[2023-04-26T14:53:54.871391-04:00] nobel_prize_log.INFO: Access: POST /nobel-prize-api/publications [] []
[2023-04-26T15:14:49.495627-04:00] nobel_prize_log.INFO: Access: GET /nobel-prize-api/awards {"yearReceivedMin":"1905","yearReceivedMax":"1906"} []
[2023-04-26T15:15:12.386784-04:00] nobel_prize_log.INFO: Access: GET /nobel-prize-api/awards {"yearReceivedMin":"1905","yearReceivedMax":"1906"} []
[2023-04-26T15:15:13.415286-04:00] nobel_prize_log.INFO: Access: GET /nobel-prize-api/awards {"yearReceivedMin":"1905","yearReceivedMax":"1906"} []
[2023-04-26T15:15:14.143788-04:00] nobel_prize_log.INFO: Access: GET /nobel-prize-api/awards {"yearReceivedMin":"1905","yearReceivedMax":"1906"} []
[2023-04-26T15:15:14.277132-04:00] nobel_prize_log.INFO: Access: GET /nobel-prize-api/awards {"yearReceivedMin":"1905","yearReceivedMax":"1906"} []
[2023-04-26T15:15:14.427045-04:00] nobel_prize_log.INFO: Access: GET /nobel-prize-api/awards {"yearReceivedMin":"1905","yearReceivedMax":"1906"} []
[2023-04-26T15:15:14.545381-04:00] nobel_prize_log.INFO: Access: GET /nobel-prize-api/awards {"yearReceivedMin":"1905","yearReceivedMax":"1906"} []
[2023-04-26T15:15:14.674538-04:00] nobel_prize_log.INFO: Access: GET /nobel-prize-api/awards {"yearReceivedMin":"1905","yearReceivedMax":"1906"} []
[2023-04-26T15:15:14.813696-04:00] nobel_prize_log.INFO: Access: GET /nobel-prize-api/awards {"yearReceivedMin":"1905","yearReceivedMax":"1906"} []
[2023-04-26T15:15:29.057434-04:00] nobel_prize_log.INFO: Access: GET /nobel-prize-api/awards {"yearReceivedMin":"1905","yearReceivedMax":"1906"} []
[2023-04-26T15:17:18.415371-04:00] nobel_prize_log.INFO: Access: GET /nobel-prize-api/awards {"yearReceivedMin":"1905","yearReceivedMax":"1906"} []
[2023-04-26T15:17:18.551423-04:00] nobel_prize_log.INFO: HELLO FROM THE BASE CONTROLLER [] []
[2023-04-26T15:17:29.579920-04:00] nobel_prize_log.INFO: Access: GET /nobel-prize-api/awards {"yearReceivedMin":"1905","yearReceivedMax":"1906"} []
[2023-04-26T15:17:29.607454-04:00] nobel_prize_log.INFO: HELLO FROM THE BASE CONTROLLER [] []
[2023-04-26T15:17:29.719437-04:00] nobel_prize_log.INFO: Access: GET /nobel-prize-api/awards {"yearReceivedMin":"1905","yearReceivedMax":"1906"} []
[2023-04-26T15:17:29.722168-04:00] nobel_prize_log.INFO: HELLO FROM THE BASE CONTROLLER [] []
[2023-04-26T15:17:29.840238-04:00] nobel_prize_log.INFO: Access: GET /nobel-prize-api/awards {"yearReceivedMin":"1905","yearReceivedMax":"1906"} []
[2023-04-26T15:17:29.842880-04:00] nobel_prize_log.INFO: HELLO FROM THE BASE CONTROLLER [] []
[2023-04-26T15:17:29.974972-04:00] nobel_prize_log.INFO: Access: GET /nobel-prize-api/awards {"yearReceivedMin":"1905","yearReceivedMax":"1906"} []
[2023-04-26T15:17:29.977683-04:00] nobel_prize_log.INFO: HELLO FROM THE BASE CONTROLLER [] []
[2023-04-26T15:17:30.121175-04:00] nobel_prize_log.INFO: Access: GET /nobel-prize-api/awards {"yearReceivedMin":"1905","yearReceivedMax":"1906"} []
[2023-04-26T15:17:30.136660-04:00] nobel_prize_log.INFO: HELLO FROM THE BASE CONTROLLER [] []
[2023-04-26T15:17:30.193858-04:00] nobel_prize_log.INFO: Access: GET /nobel-prize-api/awards {"yearReceivedMin":"1905","yearReceivedMax":"1906"} []
[2023-04-26T15:17:30.196706-04:00] nobel_prize_log.INFO: HELLO FROM THE BASE CONTROLLER [] []
[2023-04-26T15:22:00.548943-04:00] nobel_prize_log.INFO: Access: GET /nobel-prize-api/nominations {"award":"Pe"} []
[2023-04-26T15:22:08.835704-04:00] nobel_prize_log.INFO: Access: GET /nobel-prize-api/nominations {"award":"Pe"} []
